<?xml version="1.0" encoding="UTF-8"?>
<!-- Generated by org.testng.reporters.JUnitXMLReporter -->
<testsuite ignored="0" hostname="LAPTOP-E6KQ2F70" failures="1" tests="5" name="TestNG" time="32.374" errors="0" timestamp="2023-09-03T10:34:53 GMT-04:00">
  <testcase classname="Selenium.TestSelenium" name="Display" time="2.179"/>
  <testcase classname="Selenium.TestSelenium" name="Display" time="2.302"/>
  <testcase classname="Selenium.TestSelenium" name="Display" time="2.156"/>
  <testcase classname="Selenium.TestSelenium" name="gettitle" time="0.046">
    <failure type="java.lang.AssertionError" message="The following asserts failed:
	expected [yahoo] but found [Google]">
      <![CDATA[java.lang.AssertionError: The following asserts failed:
expected [yahoo] but found [Google]
at Selenium.TestSelenium.gettitle(TestSelenium.java:53)
at java.base/java.util.ArrayList.forEach(ArrayList.java:1511)
... Removed 29 stack frames]]>
    </failure>
  </testcase> <!-- gettitle -->
  <testcase classname="Selenium.TestSelenium" name="display" time="0.0">
    <skipped/>
  </testcase> <!-- display -->
</testsuite> <!-- TestNG -->
